[2025-11-26 23:36:01] [INFO] --- STARTING WORKFLOW ---
[2025-11-26 23:36:01] [INFO] --- STARTING TASK: sample_script.sh ---
[2025-11-26 23:36:01] [INFO] Task Success: sample_script.sh
[2025-11-26 23:36:01] [INFO] --- WORKFLOW COMPLETED SUCCESSFULLY ---
[2025-11-26 23:37:01] [INFO] --- STARTING WORKFLOW ---
[2025-11-26 23:37:01] [INFO] --- STARTING WORKFLOW ---
[2025-11-26 23:37:01] [INFO] --- STARTING TASK: sample_script.sh ---
[2025-11-26 23:37:01] [INFO] --- STARTING TASK: sample_script.sh ---
[2025-11-26 23:37:01] [INFO] Task Success: sample_script.sh
[2025-11-26 23:37:01] [INFO] Task Success: sample_script.sh
[2025-11-26 23:37:01] [INFO] --- STARTING TASK: task1.sh ---
[2025-11-26 23:37:01] [INFO] --- WORKFLOW COMPLETED SUCCESSFULLY ---
[2025-11-26 23:37:02] [INFO] Task Success: task1.sh
[2025-11-26 23:37:02] [INFO] --- WORKFLOW COMPLETED SUCCESSFULLY ---
[2025-11-26 23:38:01] [INFO] --- STARTING WORKFLOW ---
[2025-11-26 23:38:01] [INFO] --- STARTING WORKFLOW ---
[2025-11-26 23:38:01] [INFO] --- STARTING TASK: sample_script.sh ---
[2025-11-26 23:38:01] [INFO] --- STARTING TASK: sample_script.sh ---
[2025-11-26 23:38:01] [INFO] Task Success: sample_script.sh
[2025-11-26 23:38:01] [INFO] --- STARTING TASK: task1.sh ---
[2025-11-26 23:38:01] [INFO] Task Success: sample_script.sh
[2025-11-26 23:38:01] [INFO] --- WORKFLOW COMPLETED SUCCESSFULLY ---
[2025-11-26 23:38:02] [INFO] Task Success: task1.sh
[2025-11-26 23:38:02] [INFO] --- WORKFLOW COMPLETED SUCCESSFULLY ---
[2025-11-26 23:39:01] [INFO] --- STARTING WORKFLOW ---
[2025-11-26 23:39:01] [INFO] --- STARTING TASK: sample_script.sh ---
[2025-11-26 23:39:01] [INFO] --- STARTING WORKFLOW ---
[2025-11-26 23:39:01] [INFO] --- STARTING TASK: sample_script.sh ---
[2025-11-26 23:39:01] [INFO] Task Success: sample_script.sh
[2025-11-26 23:39:01] [INFO] --- STARTING TASK: task1.sh ---
[2025-11-26 23:39:01] [INFO] Task Success: sample_script.sh
[2025-11-26 23:39:01] [INFO] --- WORKFLOW COMPLETED SUCCESSFULLY ---
[2025-11-26 23:39:02] [INFO] Task Success: task1.sh
[2025-11-26 23:39:02] [INFO] --- WORKFLOW COMPLETED SUCCESSFULLY ---
[2025-11-26 23:40:01] [INFO] --- STARTING WORKFLOW ---
[2025-11-26 23:40:01] [INFO] --- STARTING TASK: sample_script.sh ---
[2025-11-26 23:40:01] [INFO] --- STARTING WORKFLOW ---
[2025-11-26 23:40:01] [INFO] --- STARTING TASK: sample_script.sh ---
[2025-11-26 23:40:01] [INFO] Task Success: sample_script.sh
[2025-11-26 23:40:01] [INFO] --- STARTING TASK: task1.sh ---
[2025-11-26 23:40:01] [INFO] Task Success: sample_script.sh
[2025-11-26 23:40:01] [ERROR] Task Failed: task1.sh (Attempt 1/3)
[2025-11-26 23:40:01] [INFO] --- WORKFLOW COMPLETED SUCCESSFULLY ---
[2025-11-26 23:40:07] [ERROR] Task Failed: task1.sh (Attempt 2/3)
[2025-11-26 23:40:12] [ERROR] Task Failed: task1.sh (Attempt 3/3)
[2025-11-26 23:40:12] [CRITICAL] Workflow Aborted. task1.sh failed all attempts.
[2025-11-26 23:41:01] [INFO] --- STARTING WORKFLOW ---
[2025-11-26 23:41:01] [INFO] --- STARTING WORKFLOW ---
[2025-11-26 23:41:01] [INFO] --- STARTING TASK: sample_script.sh ---
[2025-11-26 23:41:01] [INFO] --- STARTING TASK: sample_script.sh ---
[2025-11-26 23:41:01] [INFO] Task Success: sample_script.sh
[2025-11-26 23:41:01] [INFO] Task Success: sample_script.sh
[2025-11-26 23:41:01] [INFO] --- WORKFLOW COMPLETED SUCCESSFULLY ---
[2025-11-26 23:41:01] [INFO] --- STARTING TASK: task1.sh ---
[2025-11-26 23:41:01] [ERROR] Task Failed: task1.sh (Attempt 1/3)
[2025-11-26 23:41:06] [ERROR] Task Failed: task1.sh (Attempt 2/3)
[2025-11-26 23:41:11] [ERROR] Task Failed: task1.sh (Attempt 3/3)
[2025-11-26 23:41:11] [CRITICAL] Workflow Aborted. task1.sh failed all attempts.
[2025-11-26 23:42:01] [INFO] --- STARTING WORKFLOW ---
[2025-11-26 23:42:01] [INFO] --- STARTING WORKFLOW ---
[2025-11-26 23:42:01] [INFO] --- STARTING WORKFLOW ---
[2025-11-26 23:42:01] [INFO] --- STARTING TASK: sample_script.sh ---
[2025-11-26 23:42:01] [INFO] --- STARTING TASK: sample_script.sh ---
[2025-11-26 23:42:01] [INFO] --- STARTING TASK: sample_script.sh ---
[2025-11-26 23:42:01] [INFO] Task Success: sample_script.sh
[2025-11-26 23:42:01] [INFO] Task Success: sample_script.sh
[2025-11-26 23:42:01] [INFO] --- STARTING TASK: task1.sh ---
[2025-11-26 23:42:01] [INFO] Task Success: sample_script.sh
[2025-11-26 23:42:01] [INFO] --- WORKFLOW COMPLETED SUCCESSFULLY ---
[2025-11-26 23:42:01] [ERROR] Task Failed: task1.sh (Attempt 1/3)
[2025-11-26 23:42:01] [INFO] --- WORKFLOW COMPLETED SUCCESSFULLY ---
[2025-11-26 23:42:06] [ERROR] Task Failed: task1.sh (Attempt 2/3)
[2025-11-26 23:42:11] [ERROR] Task Failed: task1.sh (Attempt 3/3)
[2025-11-26 23:42:11] [CRITICAL] Workflow Aborted. task1.sh failed all attempts.
[2025-11-26 23:43:01] [INFO] --- STARTING WORKFLOW ---
[2025-11-26 23:43:01] [INFO] --- STARTING WORKFLOW ---
[2025-11-26 23:43:01] [INFO] --- STARTING WORKFLOW ---
[2025-11-26 23:43:01] [INFO] --- STARTING TASK: sample_script.sh ---
[2025-11-26 23:43:01] [INFO] --- STARTING TASK: sample_script.sh ---
[2025-11-26 23:43:01] [INFO] --- STARTING TASK: sample_script.sh ---
[2025-11-26 23:43:02] [INFO] Task Success: sample_script.sh
[2025-11-26 23:43:02] [INFO] --- WORKFLOW COMPLETED SUCCESSFULLY ---
[2025-11-26 23:43:02] [INFO] Task Success: sample_script.sh
[2025-11-26 23:43:02] [INFO] Task Success: sample_script.sh
[2025-11-26 23:43:02] [INFO] --- STARTING TASK: task1.sh ---
[2025-11-26 23:43:02] [INFO] --- WORKFLOW COMPLETED SUCCESSFULLY ---
[2025-11-26 23:43:02] [ERROR] Task Failed: task1.sh (Attempt 1/3)
[2025-11-26 23:43:07] [ERROR] Task Failed: task1.sh (Attempt 2/3)
[2025-11-26 23:43:12] [ERROR] Task Failed: task1.sh (Attempt 3/3)
[2025-11-26 23:43:12] [CRITICAL] Workflow Aborted. task1.sh failed all attempts.
[2025-11-26 23:44:01] [INFO] --- STARTING WORKFLOW ---
[2025-11-26 23:44:01] [INFO] --- STARTING WORKFLOW ---
[2025-11-26 23:44:01] [INFO] --- STARTING TASK: sample_script.sh ---
[2025-11-26 23:44:01] [INFO] --- STARTING WORKFLOW ---
[2025-11-26 23:44:01] [INFO] --- STARTING TASK: sample_script.sh ---
[2025-11-26 23:44:01] [INFO] --- STARTING TASK: sample_script.sh ---
[2025-11-26 23:44:01] [INFO] Task Success: sample_script.sh
[2025-11-26 23:44:01] [INFO] --- WORKFLOW COMPLETED SUCCESSFULLY ---
[2025-11-26 23:44:01] [INFO] Task Success: sample_script.sh
[2025-11-26 23:44:01] [INFO] Task Success: sample_script.sh
[2025-11-26 23:44:01] [INFO] --- STARTING TASK: task1.sh ---
[2025-11-26 23:44:01] [INFO] --- WORKFLOW COMPLETED SUCCESSFULLY ---
[2025-11-26 23:44:01] [ERROR] Task Failed: task1.sh (Attempt 1/3)
[2025-11-26 23:44:06] [ERROR] Task Failed: task1.sh (Attempt 2/3)
[2025-11-26 23:44:11] [ERROR] Task Failed: task1.sh (Attempt 3/3)
[2025-11-26 23:44:11] [CRITICAL] Workflow Aborted. task1.sh failed all attempts.
[2025-11-26 23:45:01] [INFO] --- STARTING WORKFLOW ---
[2025-11-26 23:45:01] [INFO] --- STARTING WORKFLOW ---
[2025-11-26 23:45:01] [INFO] --- STARTING WORKFLOW ---
[2025-11-26 23:45:01] [INFO] --- STARTING TASK: sample_script.sh ---
[2025-11-26 23:45:01] [INFO] --- STARTING TASK: sample_script.sh ---
[2025-11-26 23:45:01] [INFO] --- STARTING TASK: sample_script.sh ---
[2025-11-26 23:45:01] [INFO] Task Success: sample_script.sh
[2025-11-26 23:45:01] [INFO] Task Success: sample_script.sh
[2025-11-26 23:45:01] [INFO] Task Success: sample_script.sh
[2025-11-26 23:45:01] [INFO] --- WORKFLOW COMPLETED SUCCESSFULLY ---
[2025-11-26 23:45:01] [INFO] --- WORKFLOW COMPLETED SUCCESSFULLY ---
[2025-11-26 23:45:01] [INFO] --- STARTING TASK: task1.sh ---
[2025-11-26 23:45:01] [ERROR] Task Failed: task1.sh (Attempt 1/3)
[2025-11-26 23:45:06] [ERROR] Task Failed: task1.sh (Attempt 2/3)
[2025-11-26 23:45:11] [ERROR] Task Failed: task1.sh (Attempt 3/3)
[2025-11-26 23:45:11] [CRITICAL] Workflow Aborted. task1.sh failed all attempts.
[2025-11-26 23:46:02] [INFO] --- STARTING WORKFLOW ---
[2025-11-26 23:46:02] [INFO] --- STARTING WORKFLOW ---
[2025-11-26 23:46:02] [INFO] --- STARTING TASK: sample_script.sh ---
[2025-11-26 23:46:02] [INFO] --- STARTING WORKFLOW ---
[2025-11-26 23:46:02] [INFO] --- STARTING TASK: sample_script.sh ---
[2025-11-26 23:46:02] [INFO] --- STARTING TASK: sample_script.sh ---
[2025-11-26 23:46:02] [INFO] Task Success: sample_script.sh
[2025-11-26 23:46:02] [INFO] Task Success: sample_script.sh
[2025-11-26 23:46:02] [INFO] --- WORKFLOW COMPLETED SUCCESSFULLY ---
[2025-11-26 23:46:02] [INFO] Task Success: sample_script.sh
[2025-11-26 23:46:02] [INFO] --- STARTING TASK: task1.sh ---
[2025-11-26 23:46:02] [INFO] --- WORKFLOW COMPLETED SUCCESSFULLY ---
[2025-11-26 23:46:02] [ERROR] Task Failed: task1.sh (Attempt 1/3)
[2025-11-26 23:46:07] [ERROR] Task Failed: task1.sh (Attempt 2/3)
[2025-11-26 23:46:12] [ERROR] Task Failed: task1.sh (Attempt 3/3)
[2025-11-26 23:46:12] [CRITICAL] Workflow Aborted. task1.sh failed all attempts.
[2025-11-26 23:56:48] [INFO] --- STARTING WORKFLOW ---
[2025-11-26 23:56:48] [INFO] --- STARTING WORKFLOW ---
[2025-11-26 23:56:48] [INFO] --- STARTING TASK: sample_script.sh ---
[2025-11-26 23:56:48] [INFO] --- STARTING WORKFLOW ---
[2025-11-26 23:56:48] [INFO] --- STARTING TASK: sample_script.sh ---
[2025-11-26 23:56:48] [INFO] --- STARTING TASK: sample_script.sh ---
[2025-11-26 23:56:48] [INFO] Task Success: sample_script.sh
[2025-11-26 23:56:48] [INFO] --- WORKFLOW COMPLETED SUCCESSFULLY ---
[2025-11-26 23:56:48] [INFO] Task Success: sample_script.sh
[2025-11-26 23:56:48] [INFO] Task Success: sample_script.sh
[2025-11-26 23:56:48] [INFO] --- STARTING TASK: task1.sh ---
[2025-11-26 23:56:48] [INFO] --- WORKFLOW COMPLETED SUCCESSFULLY ---
[2025-11-26 23:56:48] [ERROR] Task Failed: task1.sh (Attempt 1/3)
[2025-11-26 23:56:53] [ERROR] Task Failed: task1.sh (Attempt 2/3)
[2025-11-26 23:56:58] [ERROR] Task Failed: task1.sh (Attempt 3/3)
[2025-11-26 23:56:58] [CRITICAL] Workflow Aborted. task1.sh failed all attempts.
[2025-11-26 23:57:01] [INFO] --- STARTING WORKFLOW ---
[2025-11-26 23:57:01] [INFO] --- STARTING WORKFLOW ---
[2025-11-26 23:57:01] [INFO] --- STARTING WORKFLOW ---
[2025-11-26 23:57:01] [INFO] --- STARTING TASK: sample_script.sh ---
[2025-11-26 23:57:01] [INFO] --- STARTING TASK: sample_script.sh ---
[2025-11-26 23:57:01] [INFO] --- STARTING TASK: sample_script.sh ---
[2025-11-26 23:57:01] [INFO] Task Success: sample_script.sh
[2025-11-26 23:57:01] [INFO] --- WORKFLOW COMPLETED SUCCESSFULLY ---
[2025-11-26 23:57:01] [INFO] Task Success: sample_script.sh
[2025-11-26 23:57:01] [INFO] --- STARTING TASK: task1.sh ---
[2025-11-26 23:57:01] [INFO] Task Success: sample_script.sh
[2025-11-26 23:57:01] [INFO] --- WORKFLOW COMPLETED SUCCESSFULLY ---
[2025-11-26 23:57:01] [ERROR] Task Failed: task1.sh (Attempt 1/3)
[2025-11-26 23:57:07] [ERROR] Task Failed: task1.sh (Attempt 2/3)
[2025-11-26 23:57:12] [ERROR] Task Failed: task1.sh (Attempt 3/3)
[2025-11-26 23:57:12] [CRITICAL] Workflow Aborted. task1.sh failed all attempts.
[2025-11-26 23:58:01] [INFO] --- STARTING WORKFLOW ---
[2025-11-26 23:58:01] [INFO] --- STARTING WORKFLOW ---
[2025-11-26 23:58:01] [INFO] --- STARTING WORKFLOW ---
[2025-11-26 23:58:01] [INFO] --- STARTING TASK: sample_script.sh ---
[2025-11-26 23:58:01] [INFO] --- STARTING TASK: sample_script.sh ---
[2025-11-26 23:58:01] [INFO] --- STARTING TASK: sample_script.sh ---
[2025-11-26 23:58:01] [INFO] Task Success: sample_script.sh
[2025-11-26 23:58:01] [INFO] --- WORKFLOW COMPLETED SUCCESSFULLY ---
[2025-11-26 23:58:01] [INFO] Task Success: sample_script.sh
[2025-11-26 23:58:01] [INFO] Task Success: sample_script.sh
[2025-11-26 23:58:01] [INFO] --- STARTING TASK: task1.sh ---
[2025-11-26 23:58:01] [INFO] --- WORKFLOW COMPLETED SUCCESSFULLY ---
[2025-11-26 23:58:01] [ERROR] Task Failed: task1.sh (Attempt 1/3)
[2025-11-26 23:58:06] [ERROR] Task Failed: task1.sh (Attempt 2/3)
[2025-11-26 23:58:11] [ERROR] Task Failed: task1.sh (Attempt 3/3)
[2025-11-26 23:58:11] [CRITICAL] Workflow Aborted. task1.sh failed all attempts.
[2025-11-26 23:59:01] [INFO] --- STARTING WORKFLOW ---
[2025-11-26 23:59:01] [INFO] --- STARTING WORKFLOW ---
[2025-11-26 23:59:01] [INFO] --- STARTING WORKFLOW ---
[2025-11-26 23:59:01] [INFO] --- STARTING TASK: sample_script.sh ---
[2025-11-26 23:59:01] [INFO] --- STARTING TASK: sample_script.sh ---
[2025-11-26 23:59:01] [INFO] --- STARTING TASK: sample_script.sh ---
[2025-11-26 23:59:01] [INFO] Task Success: sample_script.sh
[2025-11-26 23:59:01] [INFO] Task Success: sample_script.sh
[2025-11-26 23:59:01] [INFO] --- WORKFLOW COMPLETED SUCCESSFULLY ---
[2025-11-26 23:59:01] [INFO] Task Success: sample_script.sh
[2025-11-26 23:59:02] [INFO] --- WORKFLOW COMPLETED SUCCESSFULLY ---
[2025-11-26 23:59:02] [INFO] --- STARTING TASK: task1.sh ---
[2025-11-26 23:59:02] [ERROR] Task Failed: task1.sh (Attempt 1/3)
[2025-11-26 23:59:07] [ERROR] Task Failed: task1.sh (Attempt 2/3)
[2025-11-26 23:59:12] [ERROR] Task Failed: task1.sh (Attempt 3/3)
[2025-11-26 23:59:12] [CRITICAL] Workflow Aborted. task1.sh failed all attempts.
[2025-11-27 00:00:01] [INFO] --- STARTING WORKFLOW ---
[2025-11-27 00:00:01] [INFO] --- STARTING WORKFLOW ---
[2025-11-27 00:00:01] [INFO] --- STARTING WORKFLOW ---
[2025-11-27 00:00:01] [INFO] --- STARTING TASK: sample_script.sh ---
[2025-11-27 00:00:01] [INFO] --- STARTING TASK: sample_script.sh ---
[2025-11-27 00:00:01] [INFO] --- STARTING TASK: sample_script.sh ---
[2025-11-27 00:00:01] [INFO] Task Success: sample_script.sh
[2025-11-27 00:00:01] [INFO] --- WORKFLOW COMPLETED SUCCESSFULLY ---
[2025-11-27 00:00:01] [INFO] Task Success: sample_script.sh
[2025-11-27 00:00:01] [INFO] --- WORKFLOW COMPLETED SUCCESSFULLY ---
[2025-11-27 00:00:01] [INFO] Task Success: sample_script.sh
[2025-11-27 00:00:01] [INFO] --- STARTING TASK: task1.sh ---
[2025-11-27 00:00:01] [ERROR] Task Failed: task1.sh (Attempt 1/3)
[2025-11-27 00:00:06] [ERROR] Task Failed: task1.sh (Attempt 2/3)
[2025-11-27 00:00:11] [ERROR] Task Failed: task1.sh (Attempt 3/3)
[2025-11-27 00:00:11] [CRITICAL] Workflow Aborted. task1.sh failed all attempts.
[2025-11-27 00:01:02] [INFO] --- STARTING WORKFLOW ---
[2025-11-27 00:01:02] [INFO] --- STARTING TASK: sample_script.sh ---
[2025-11-27 00:01:02] [INFO] --- STARTING WORKFLOW ---
[2025-11-27 00:01:02] [INFO] --- STARTING WORKFLOW ---
[2025-11-27 00:01:02] [INFO] --- STARTING TASK: sample_script.sh ---
[2025-11-27 00:01:02] [INFO] --- STARTING TASK: sample_script.sh ---
[2025-11-27 00:01:02] [INFO] Task Success: sample_script.sh
[2025-11-27 00:01:02] [INFO] --- STARTING TASK: task1.sh ---
[2025-11-27 00:01:02] [INFO] Task Success: sample_script.sh
[2025-11-27 00:01:02] [INFO] Task Success: sample_script.sh
[2025-11-27 00:01:02] [INFO] --- WORKFLOW COMPLETED SUCCESSFULLY ---
[2025-11-27 00:01:02] [INFO] --- WORKFLOW COMPLETED SUCCESSFULLY ---
[2025-11-27 00:01:02] [ERROR] Task Failed: task1.sh (Attempt 1/3)
[2025-11-27 00:01:07] [ERROR] Task Failed: task1.sh (Attempt 2/3)
[2025-11-27 00:01:12] [ERROR] Task Failed: task1.sh (Attempt 3/3)
[2025-11-27 00:01:12] [CRITICAL] Workflow Aborted. task1.sh failed all attempts.
[2025-11-27 00:02:01] [INFO] --- STARTING WORKFLOW ---
[2025-11-27 00:02:01] [INFO] --- STARTING TASK: sample_script.sh ---
[2025-11-27 00:02:01] [INFO] --- STARTING WORKFLOW ---
[2025-11-27 00:02:01] [INFO] --- STARTING WORKFLOW ---
[2025-11-27 00:02:01] [INFO] --- STARTING TASK: sample_script.sh ---
[2025-11-27 00:02:01] [INFO] --- STARTING TASK: sample_script.sh ---
[2025-11-27 00:02:01] [INFO] Task Success: sample_script.sh
[2025-11-27 00:02:01] [INFO] Task Success: sample_script.sh
[2025-11-27 00:02:01] [INFO] --- STARTING TASK: task1.sh ---
[2025-11-27 00:02:01] [INFO] --- WORKFLOW COMPLETED SUCCESSFULLY ---
[2025-11-27 00:02:02] [ERROR] Task Failed: task1.sh (Attempt 1/3)
[2025-11-27 00:02:02] [INFO] Task Success: sample_script.sh
[2025-11-27 00:02:02] [INFO] --- WORKFLOW COMPLETED SUCCESSFULLY ---
[2025-11-27 00:02:07] [ERROR] Task Failed: task1.sh (Attempt 2/3)
[2025-11-27 00:02:12] [ERROR] Task Failed: task1.sh (Attempt 3/3)
[2025-11-27 00:02:12] [CRITICAL] Workflow Aborted. task1.sh failed all attempts.
[2025-11-27 00:03:01] [INFO] --- STARTING WORKFLOW ---
[2025-11-27 00:03:01] [INFO] --- STARTING WORKFLOW ---
[2025-11-27 00:03:01] [INFO] --- STARTING TASK: sample_script.sh ---
[2025-11-27 00:03:01] [INFO] --- STARTING WORKFLOW ---
[2025-11-27 00:03:01] [INFO] --- STARTING TASK: sample_script.sh ---
[2025-11-27 00:03:01] [INFO] --- STARTING TASK: sample_script.sh ---
[2025-11-27 00:03:01] [INFO] Task Success: sample_script.sh
[2025-11-27 00:03:01] [INFO] Task Success: sample_script.sh
[2025-11-27 00:03:01] [INFO] --- WORKFLOW COMPLETED SUCCESSFULLY ---
[2025-11-27 00:03:01] [INFO] Task Success: sample_script.sh
[2025-11-27 00:03:01] [INFO] --- WORKFLOW COMPLETED SUCCESSFULLY ---
[2025-11-27 00:03:01] [INFO] --- STARTING TASK: task1.sh ---
[2025-11-27 00:03:01] [ERROR] Task Failed: task1.sh (Attempt 1/3)
[2025-11-27 00:03:06] [ERROR] Task Failed: task1.sh (Attempt 2/3)
[2025-11-27 00:03:11] [ERROR] Task Failed: task1.sh (Attempt 3/3)
[2025-11-27 00:03:11] [CRITICAL] Workflow Aborted. task1.sh failed all attempts.
[2025-11-27 00:04:01] [INFO] --- STARTING WORKFLOW ---
[2025-11-27 00:04:01] [INFO] --- STARTING WORKFLOW ---
[2025-11-27 00:04:01] [INFO] --- STARTING WORKFLOW ---
[2025-11-27 00:04:01] [INFO] --- STARTING TASK: sample_script.sh ---
[2025-11-27 00:04:01] [INFO] --- STARTING TASK: sample_script.sh ---
[2025-11-27 00:04:01] [INFO] --- STARTING TASK: sample_script.sh ---
[2025-11-27 00:04:01] [INFO] Task Success: sample_script.sh
[2025-11-27 00:04:01] [INFO] Task Success: sample_script.sh
[2025-11-27 00:04:01] [INFO] Task Success: sample_script.sh
[2025-11-27 00:04:01] [INFO] --- WORKFLOW COMPLETED SUCCESSFULLY ---
[2025-11-27 00:04:01] [INFO] --- WORKFLOW COMPLETED SUCCESSFULLY ---
[2025-11-27 00:04:01] [INFO] --- STARTING TASK: task1.sh ---
[2025-11-27 00:04:01] [ERROR] Task Failed: task1.sh (Attempt 1/3)
[2025-11-27 00:04:06] [ERROR] Task Failed: task1.sh (Attempt 2/3)
[2025-11-27 00:04:12] [ERROR] Task Failed: task1.sh (Attempt 3/3)
[2025-11-27 00:04:12] [CRITICAL] Workflow Aborted. task1.sh failed all attempts.
[2025-11-27 00:05:01] [INFO] --- STARTING WORKFLOW ---
[2025-11-27 00:05:01] [INFO] --- STARTING WORKFLOW ---
[2025-11-27 00:05:01] [INFO] --- STARTING WORKFLOW ---
[2025-11-27 00:05:01] [INFO] --- STARTING TASK: sample_script.sh ---
[2025-11-27 00:05:01] [INFO] --- STARTING TASK: sample_script.sh ---
[2025-11-27 00:05:01] [INFO] --- STARTING TASK: sample_script.sh ---
[2025-11-27 00:05:01] [INFO] Task Success: sample_script.sh
[2025-11-27 00:05:01] [INFO] Task Success: sample_script.sh
[2025-11-27 00:05:01] [INFO] --- WORKFLOW COMPLETED SUCCESSFULLY ---
[2025-11-27 00:05:01] [INFO] Task Success: sample_script.sh
[2025-11-27 00:05:01] [INFO] --- WORKFLOW COMPLETED SUCCESSFULLY ---
[2025-11-27 00:05:01] [INFO] --- STARTING TASK: task1.sh ---
[2025-11-27 00:05:01] [ERROR] Task Failed: task1.sh (Attempt 1/3)
[2025-11-27 00:05:06] [ERROR] Task Failed: task1.sh (Attempt 2/3)
[2025-11-27 00:05:11] [ERROR] Task Failed: task1.sh (Attempt 3/3)
[2025-11-27 00:05:11] [CRITICAL] Workflow Aborted. task1.sh failed all attempts.
[2025-11-27 00:06:01] [INFO] --- STARTING WORKFLOW ---
[2025-11-27 00:06:01] [INFO] --- STARTING WORKFLOW ---
[2025-11-27 00:06:01] [INFO] --- STARTING WORKFLOW ---
[2025-11-27 00:06:01] [INFO] --- STARTING TASK: sample_script.sh ---
[2025-11-27 00:06:01] [INFO] --- STARTING TASK: sample_script.sh ---
[2025-11-27 00:06:01] [INFO] --- STARTING TASK: sample_script.sh ---
[2025-11-27 00:06:01] [INFO] Task Success: sample_script.sh
[2025-11-27 00:06:01] [INFO] Task Success: sample_script.sh
[2025-11-27 00:06:01] [INFO] Task Success: sample_script.sh
[2025-11-27 00:06:01] [INFO] --- WORKFLOW COMPLETED SUCCESSFULLY ---
[2025-11-27 00:06:01] [INFO] --- STARTING TASK: task1.sh ---
[2025-11-27 00:06:01] [INFO] --- WORKFLOW COMPLETED SUCCESSFULLY ---
[2025-11-27 00:06:01] [ERROR] Task Failed: task1.sh (Attempt 1/3)
[2025-11-27 00:06:06] [ERROR] Task Failed: task1.sh (Attempt 2/3)
[2025-11-27 00:06:11] [ERROR] Task Failed: task1.sh (Attempt 3/3)
[2025-11-27 00:06:11] [CRITICAL] Workflow Aborted. task1.sh failed all attempts.
[2025-11-27 00:07:01] [INFO] --- STARTING WORKFLOW ---
[2025-11-27 00:07:01] [INFO] --- STARTING TASK: sample_script.sh ---
[2025-11-27 00:07:01] [INFO] --- STARTING WORKFLOW ---
[2025-11-27 00:07:01] [INFO] --- STARTING WORKFLOW ---
[2025-11-27 00:07:01] [INFO] --- STARTING TASK: sample_script.sh ---
[2025-11-27 00:07:01] [INFO] Task Success: sample_script.sh
[2025-11-27 00:07:01] [INFO] --- STARTING TASK: sample_script.sh ---
[2025-11-27 00:07:01] [INFO] --- STARTING TASK: task1.sh ---
[2025-11-27 00:07:01] [ERROR] Task Failed: task1.sh (Attempt 1/3)
[2025-11-27 00:07:01] [INFO] Task Success: sample_script.sh
[2025-11-27 00:07:01] [INFO] Task Success: sample_script.sh
[2025-11-27 00:07:01] [INFO] --- WORKFLOW COMPLETED SUCCESSFULLY ---
[2025-11-27 00:07:01] [INFO] --- WORKFLOW COMPLETED SUCCESSFULLY ---
[2025-11-27 00:07:06] [ERROR] Task Failed: task1.sh (Attempt 2/3)
[2025-11-27 00:07:12] [ERROR] Task Failed: task1.sh (Attempt 3/3)
[2025-11-27 00:07:12] [CRITICAL] Workflow Aborted. task1.sh failed all attempts.
[2025-11-27 00:08:01] [INFO] --- STARTING WORKFLOW ---
[2025-11-27 00:08:01] [INFO] --- STARTING TASK: sample_script.sh ---
[2025-11-27 00:08:01] [INFO] --- STARTING WORKFLOW ---
[2025-11-27 00:08:01] [INFO] --- STARTING WORKFLOW ---
[2025-11-27 00:08:01] [INFO] --- STARTING TASK: sample_script.sh ---
[2025-11-27 00:08:01] [INFO] --- STARTING WORKFLOW ---
[2025-11-27 00:08:01] [INFO] --- STARTING TASK: sample_script.sh ---
[2025-11-27 00:08:01] [INFO] --- STARTING TASK: task1.sh ---
[2025-11-27 00:08:01] [INFO] Task Success: sample_script.sh
[2025-11-27 00:08:01] [INFO] Task Success: sample_script.sh
[2025-11-27 00:08:01] [INFO] Task Success: sample_script.sh
[2025-11-27 00:08:01] [INFO] --- WORKFLOW COMPLETED SUCCESSFULLY ---
[2025-11-27 00:08:01] [INFO] --- WORKFLOW COMPLETED SUCCESSFULLY ---
[2025-11-27 00:08:01] [INFO] --- STARTING TASK: task1.sh ---
[2025-11-27 00:08:01] [ERROR] Task Failed: task1.sh (Attempt 1/3)
[2025-11-27 00:08:02] [INFO] Task Success: task1.sh
[2025-11-27 00:08:02] [INFO] --- STARTING TASK: task2.sh ---
[2025-11-27 00:08:02] [ERROR] Task Failed: task2.sh (Attempt 1/3)
[2025-11-27 00:08:06] [ERROR] Task Failed: task1.sh (Attempt 2/3)
[2025-11-27 00:08:07] [ERROR] Task Failed: task2.sh (Attempt 2/3)
[2025-11-27 00:08:11] [ERROR] Task Failed: task1.sh (Attempt 3/3)
[2025-11-27 00:08:11] [CRITICAL] Workflow Aborted. task1.sh failed all attempts.
[2025-11-27 00:08:12] [ERROR] Task Failed: task2.sh (Attempt 3/3)
[2025-11-27 00:08:12] [CRITICAL] Workflow Aborted. task2.sh failed all attempts.
[2025-11-27 00:09:01] [INFO] --- STARTING WORKFLOW ---
[2025-11-27 00:09:01] [INFO] --- STARTING TASK: sample_script.sh ---
[2025-11-27 00:09:01] [INFO] --- STARTING WORKFLOW ---
[2025-11-27 00:09:01] [INFO] Task Success: sample_script.sh
[2025-11-27 00:09:01] [INFO] --- WORKFLOW COMPLETED SUCCESSFULLY ---
[2025-11-27 00:09:01] [INFO] --- STARTING TASK: task1.sh ---
[2025-11-27 00:09:01] [INFO] --- STARTING WORKFLOW ---
[2025-11-27 00:09:01] [INFO] --- STARTING WORKFLOW ---
[2025-11-27 00:09:01] [INFO] --- STARTING TASK: sample_script.sh ---
[2025-11-27 00:09:01] [INFO] --- STARTING TASK: sample_script.sh ---
[2025-11-27 00:09:01] [INFO] Task Success: sample_script.sh
[2025-11-27 00:09:01] [INFO] --- WORKFLOW COMPLETED SUCCESSFULLY ---
[2025-11-27 00:09:01] [INFO] Task Success: sample_script.sh
[2025-11-27 00:09:01] [INFO] --- STARTING TASK: task1.sh ---
[2025-11-27 00:09:01] [ERROR] Task Failed: task1.sh (Attempt 1/3)
[2025-11-27 00:09:02] [INFO] Task Success: task1.sh
[2025-11-27 00:09:02] [INFO] --- STARTING TASK: task2.sh ---
[2025-11-27 00:09:02] [ERROR] Task Failed: task2.sh (Attempt 1/3)
[2025-11-27 00:09:06] [ERROR] Task Failed: task1.sh (Attempt 2/3)
[2025-11-27 00:09:07] [ERROR] Task Failed: task2.sh (Attempt 2/3)
[2025-11-27 00:09:11] [ERROR] Task Failed: task1.sh (Attempt 3/3)
[2025-11-27 00:09:11] [CRITICAL] Workflow Aborted. task1.sh failed all attempts.
[2025-11-27 00:09:12] [ERROR] Task Failed: task2.sh (Attempt 3/3)
[2025-11-27 00:09:12] [CRITICAL] Workflow Aborted. task2.sh failed all attempts.
[2025-11-27 00:10:01] [INFO] --- STARTING WORKFLOW ---
[2025-11-27 00:10:01] [INFO] --- STARTING TASK: sample_script.sh ---
[2025-11-27 00:10:01] [INFO] --- STARTING WORKFLOW ---
[2025-11-27 00:10:01] [INFO] --- STARTING WORKFLOW ---
[2025-11-27 00:10:01] [INFO] --- STARTING TASK: task1.sh ---
[2025-11-27 00:10:01] [INFO] --- STARTING WORKFLOW ---
[2025-11-27 00:10:01] [INFO] --- STARTING TASK: sample_script.sh ---
[2025-11-27 00:10:01] [INFO] --- STARTING TASK: sample_script.sh ---
[2025-11-27 00:10:01] [INFO] Task Success: sample_script.sh
[2025-11-27 00:10:01] [INFO] Task Success: sample_script.sh
[2025-11-27 00:10:01] [INFO] --- STARTING TASK: task1.sh ---
[2025-11-27 00:10:01] [INFO] --- WORKFLOW COMPLETED SUCCESSFULLY ---
[2025-11-27 00:10:01] [INFO] Task Success: sample_script.sh
[2025-11-27 00:10:01] [ERROR] Task Failed: task1.sh (Attempt 1/3)
[2025-11-27 00:10:01] [INFO] --- WORKFLOW COMPLETED SUCCESSFULLY ---
[2025-11-27 00:10:02] [INFO] Task Success: task1.sh
[2025-11-27 00:10:02] [INFO] --- STARTING TASK: task2.sh ---
[2025-11-27 00:10:02] [ERROR] Task Failed: task2.sh (Attempt 1/3)
[2025-11-27 00:10:06] [ERROR] Task Failed: task1.sh (Attempt 2/3)
[2025-11-27 00:10:07] [ERROR] Task Failed: task2.sh (Attempt 2/3)
[2025-11-27 00:10:11] [ERROR] Task Failed: task1.sh (Attempt 3/3)
[2025-11-27 00:10:11] [CRITICAL] Workflow Aborted. task1.sh failed all attempts.
[2025-11-27 00:10:12] [ERROR] Task Failed: task2.sh (Attempt 3/3)
[2025-11-27 00:10:12] [CRITICAL] Workflow Aborted. task2.sh failed all attempts.
[2025-11-27 00:11:01] [INFO] --- STARTING WORKFLOW ---
[2025-11-27 00:11:01] [INFO] --- STARTING TASK: sample_script.sh ---
[2025-11-27 00:11:01] [INFO] --- STARTING WORKFLOW ---
[2025-11-27 00:11:01] [INFO] --- STARTING WORKFLOW ---
[2025-11-27 00:11:01] [INFO] --- STARTING TASK: task1.sh ---
[2025-11-27 00:11:01] [INFO] --- STARTING WORKFLOW ---
[2025-11-27 00:11:01] [INFO] --- STARTING TASK: sample_script.sh ---
[2025-11-27 00:11:01] [INFO] --- STARTING TASK: sample_script.sh ---
[2025-11-27 00:11:01] [INFO] Task Success: sample_script.sh
[2025-11-27 00:11:01] [INFO] --- STARTING TASK: task1.sh ---
[2025-11-27 00:11:01] [INFO] Task Success: sample_script.sh
[2025-11-27 00:11:01] [INFO] Task Success: sample_script.sh
[2025-11-27 00:11:01] [ERROR] Task Failed: task1.sh (Attempt 1/3)
[2025-11-27 00:11:01] [INFO] --- WORKFLOW COMPLETED SUCCESSFULLY ---
[2025-11-27 00:11:01] [INFO] --- WORKFLOW COMPLETED SUCCESSFULLY ---
[2025-11-27 00:11:02] [INFO] Task Success: task1.sh
[2025-11-27 00:11:02] [INFO] --- STARTING TASK: task2.sh ---
[2025-11-27 00:11:02] [ERROR] Task Failed: task2.sh (Attempt 1/3)
[2025-11-27 00:11:06] [ERROR] Task Failed: task1.sh (Attempt 2/3)
[2025-11-27 00:11:07] [ERROR] Task Failed: task2.sh (Attempt 2/3)
[2025-11-27 00:11:11] [ERROR] Task Failed: task1.sh (Attempt 3/3)
[2025-11-27 00:11:11] [CRITICAL] Workflow Aborted. task1.sh failed all attempts.
[2025-11-27 00:11:12] [ERROR] Task Failed: task2.sh (Attempt 3/3)
[2025-11-27 00:11:12] [CRITICAL] Workflow Aborted. task2.sh failed all attempts.
[2025-11-27 00:12:01] [INFO] --- STARTING WORKFLOW ---
[2025-11-27 00:12:01] [INFO] --- STARTING WORKFLOW ---
[2025-11-27 00:12:01] [INFO] --- STARTING WORKFLOW ---
[2025-11-27 00:12:01] [INFO] --- STARTING TASK: sample_script.sh ---
[2025-11-27 00:12:01] [INFO] --- STARTING TASK: task1.sh ---
[2025-11-27 00:12:01] [INFO] --- STARTING TASK: sample_script.sh ---
[2025-11-27 00:12:01] [INFO] --- STARTING WORKFLOW ---
[2025-11-27 00:12:01] [INFO] --- STARTING TASK: sample_script.sh ---
[2025-11-27 00:12:02] [INFO] Task Success: sample_script.sh
[2025-11-27 00:12:02] [INFO] Task Success: sample_script.sh
[2025-11-27 00:12:02] [INFO] --- WORKFLOW COMPLETED SUCCESSFULLY ---
[2025-11-27 00:12:02] [INFO] --- STARTING TASK: task1.sh ---
[2025-11-27 00:12:02] [INFO] Task Success: sample_script.sh
[2025-11-27 00:12:02] [ERROR] Task Failed: task1.sh (Attempt 1/3)
[2025-11-27 00:12:02] [INFO] --- WORKFLOW COMPLETED SUCCESSFULLY ---
[2025-11-27 00:12:03] [INFO] Task Success: task1.sh
[2025-11-27 00:12:03] [INFO] --- STARTING TASK: task2.sh ---
[2025-11-27 00:12:03] [ERROR] Task Failed: task2.sh (Attempt 1/3)
[2025-11-27 00:12:07] [ERROR] Task Failed: task1.sh (Attempt 2/3)
[2025-11-27 00:12:08] [ERROR] Task Failed: task2.sh (Attempt 2/3)
[2025-11-27 00:12:12] [ERROR] Task Failed: task1.sh (Attempt 3/3)
[2025-11-27 00:12:12] [CRITICAL] Workflow Aborted. task1.sh failed all attempts.
[2025-11-27 00:12:13] [ERROR] Task Failed: task2.sh (Attempt 3/3)
[2025-11-27 00:12:13] [CRITICAL] Workflow Aborted. task2.sh failed all attempts.
[2025-11-27 00:13:01] [INFO] --- STARTING WORKFLOW ---
[2025-11-27 00:13:01] [INFO] --- STARTING WORKFLOW ---
[2025-11-27 00:13:01] [INFO] --- STARTING WORKFLOW ---
[2025-11-27 00:13:01] [INFO] --- STARTING WORKFLOW ---
[2025-11-27 00:13:01] [INFO] --- STARTING TASK: sample_script.sh ---
[2025-11-27 00:13:01] [INFO] --- STARTING TASK: sample_script.sh ---
[2025-11-27 00:13:01] [INFO] --- STARTING TASK: sample_script.sh ---
[2025-11-27 00:13:01] [INFO] --- STARTING TASK: task1.sh ---
[2025-11-27 00:13:01] [INFO] Task Success: sample_script.sh
[2025-11-27 00:13:01] [INFO] --- WORKFLOW COMPLETED SUCCESSFULLY ---
[2025-11-27 00:13:01] [INFO] Task Success: sample_script.sh
[2025-11-27 00:13:01] [INFO] Task Success: sample_script.sh
[2025-11-27 00:13:01] [INFO] --- WORKFLOW COMPLETED SUCCESSFULLY ---
[2025-11-27 00:13:01] [INFO] --- STARTING TASK: task1.sh ---
[2025-11-27 00:13:01] [ERROR] Task Failed: task1.sh (Attempt 1/3)
[2025-11-27 00:13:02] [INFO] Task Success: task1.sh
[2025-11-27 00:13:02] [INFO] --- STARTING TASK: task2.sh ---
[2025-11-27 00:13:02] [ERROR] Task Failed: task2.sh (Attempt 1/3)
[2025-11-27 00:13:06] [ERROR] Task Failed: task1.sh (Attempt 2/3)
[2025-11-27 00:13:07] [ERROR] Task Failed: task2.sh (Attempt 2/3)
[2025-11-27 00:13:11] [ERROR] Task Failed: task1.sh (Attempt 3/3)
[2025-11-27 00:13:11] [CRITICAL] Workflow Aborted. task1.sh failed all attempts.
[2025-11-27 00:13:12] [ERROR] Task Failed: task2.sh (Attempt 3/3)
[2025-11-27 00:13:12] [CRITICAL] Workflow Aborted. task2.sh failed all attempts.
[2025-11-27 00:14:01] [INFO] --- STARTING WORKFLOW ---
[2025-11-27 00:14:01] [INFO] --- STARTING WORKFLOW ---
[2025-11-27 00:14:01] [INFO] --- STARTING WORKFLOW ---
[2025-11-27 00:14:01] [INFO] --- STARTING WORKFLOW ---
[2025-11-27 00:14:01] [INFO] --- STARTING TASK: sample_script.sh ---
[2025-11-27 00:14:01] [INFO] --- STARTING TASK: sample_script.sh ---
[2025-11-27 00:14:01] [INFO] --- STARTING TASK: sample_script.sh ---
[2025-11-27 00:14:01] [INFO] --- STARTING TASK: task1.sh ---
[2025-11-27 00:14:01] [INFO] Task Success: sample_script.sh
[2025-11-27 00:14:01] [INFO] --- WORKFLOW COMPLETED SUCCESSFULLY ---
[2025-11-27 00:14:01] [INFO] Task Success: sample_script.sh
[2025-11-27 00:14:01] [INFO] Task Success: sample_script.sh
[2025-11-27 00:14:01] [INFO] --- WORKFLOW COMPLETED SUCCESSFULLY ---
[2025-11-27 00:14:01] [INFO] --- STARTING TASK: task1.sh ---
[2025-11-27 00:14:01] [ERROR] Task Failed: task1.sh (Attempt 1/3)
[2025-11-27 00:14:02] [INFO] Task Success: task1.sh
[2025-11-27 00:14:02] [INFO] --- STARTING TASK: task2.sh ---
[2025-11-27 00:14:02] [ERROR] Task Failed: task2.sh (Attempt 1/3)
[2025-11-27 00:14:06] [ERROR] Task Failed: task1.sh (Attempt 2/3)
[2025-11-27 00:14:07] [ERROR] Task Failed: task2.sh (Attempt 2/3)
[2025-11-27 00:14:11] [ERROR] Task Failed: task1.sh (Attempt 3/3)
[2025-11-27 00:14:11] [CRITICAL] Workflow Aborted. task1.sh failed all attempts.
[2025-11-27 00:14:12] [ERROR] Task Failed: task2.sh (Attempt 3/3)
[2025-11-27 00:14:12] [CRITICAL] Workflow Aborted. task2.sh failed all attempts.
[2025-11-27 00:15:01] [INFO] --- STARTING WORKFLOW ---
[2025-11-27 00:15:01] [INFO] --- STARTING WORKFLOW ---
[2025-11-27 00:15:01] [INFO] --- STARTING WORKFLOW ---
[2025-11-27 00:15:01] [INFO] --- STARTING TASK: task1.sh ---
[2025-11-27 00:15:01] [INFO] --- STARTING TASK: sample_script.sh ---
[2025-11-27 00:15:01] [INFO] --- STARTING TASK: sample_script.sh ---
[2025-11-27 00:15:01] [INFO] --- STARTING WORKFLOW ---
[2025-11-27 00:15:01] [INFO] --- STARTING TASK: sample_script.sh ---
[2025-11-27 00:15:01] [INFO] Task Success: sample_script.sh
[2025-11-27 00:15:01] [INFO] Task Success: sample_script.sh
[2025-11-27 00:15:01] [INFO] --- WORKFLOW COMPLETED SUCCESSFULLY ---
[2025-11-27 00:15:01] [INFO] --- WORKFLOW COMPLETED SUCCESSFULLY ---
[2025-11-27 00:15:01] [INFO] Task Success: sample_script.sh
[2025-11-27 00:15:01] [INFO] --- STARTING TASK: task1.sh ---
[2025-11-27 00:15:01] [ERROR] Task Failed: task1.sh (Attempt 1/3)
[2025-11-27 00:15:02] [INFO] Task Success: task1.sh
[2025-11-27 00:15:02] [INFO] --- STARTING TASK: task2.sh ---
[2025-11-27 00:15:02] [ERROR] Task Failed: task2.sh (Attempt 1/3)
[2025-11-27 00:15:06] [ERROR] Task Failed: task1.sh (Attempt 2/3)
[2025-11-27 00:15:07] [ERROR] Task Failed: task2.sh (Attempt 2/3)
[2025-11-27 00:15:11] [ERROR] Task Failed: task1.sh (Attempt 3/3)
[2025-11-27 00:15:11] [CRITICAL] Workflow Aborted. task1.sh failed all attempts.
[2025-11-27 00:15:12] [ERROR] Task Failed: task2.sh (Attempt 3/3)
[2025-11-27 00:15:12] [CRITICAL] Workflow Aborted. task2.sh failed all attempts.
[2025-11-27 00:16:01] [INFO] --- STARTING WORKFLOW ---
[2025-11-27 00:16:01] [INFO] --- STARTING WORKFLOW ---
[2025-11-27 00:16:01] [INFO] --- STARTING WORKFLOW ---
[2025-11-27 00:16:01] [INFO] --- STARTING TASK: sample_script.sh ---
[2025-11-27 00:16:01] [INFO] --- STARTING TASK: task1.sh ---
[2025-11-27 00:16:01] [INFO] --- STARTING WORKFLOW ---
[2025-11-27 00:16:01] [INFO] --- STARTING TASK: sample_script.sh ---
[2025-11-27 00:16:01] [INFO] --- STARTING TASK: sample_script.sh ---
[2025-11-27 00:16:02] [INFO] Task Success: sample_script.sh
[2025-11-27 00:16:02] [INFO] --- WORKFLOW COMPLETED SUCCESSFULLY ---
[2025-11-27 00:16:02] [INFO] Task Success: sample_script.sh
[2025-11-27 00:16:02] [INFO] Task Success: sample_script.sh
[2025-11-27 00:16:02] [INFO] --- WORKFLOW COMPLETED SUCCESSFULLY ---
[2025-11-27 00:16:02] [INFO] --- STARTING TASK: task1.sh ---
[2025-11-27 00:16:02] [ERROR] Task Failed: task1.sh (Attempt 1/3)
[2025-11-27 00:16:03] [INFO] Task Success: task1.sh
[2025-11-27 00:16:03] [INFO] --- STARTING TASK: task2.sh ---
[2025-11-27 00:16:03] [ERROR] Task Failed: task2.sh (Attempt 1/3)
[2025-11-27 00:16:07] [ERROR] Task Failed: task1.sh (Attempt 2/3)
[2025-11-27 00:16:08] [ERROR] Task Failed: task2.sh (Attempt 2/3)
[2025-11-27 00:16:12] [ERROR] Task Failed: task1.sh (Attempt 3/3)
[2025-11-27 00:16:12] [CRITICAL] Workflow Aborted. task1.sh failed all attempts.
[2025-11-27 00:16:13] [ERROR] Task Failed: task2.sh (Attempt 3/3)
[2025-11-27 00:16:13] [CRITICAL] Workflow Aborted. task2.sh failed all attempts.
[2025-11-27 00:17:01] [INFO] --- STARTING WORKFLOW ---
[2025-11-27 00:17:01] [INFO] --- STARTING TASK: sample_script.sh ---
[2025-11-27 00:17:01] [INFO] --- STARTING WORKFLOW ---
[2025-11-27 00:17:01] [INFO] --- STARTING TASK: sample_script.sh ---
[2025-11-27 00:17:01] [INFO] --- STARTING WORKFLOW ---
[2025-11-27 00:17:01] [INFO] --- STARTING TASK: task1.sh ---
[2025-11-27 00:17:01] [INFO] Task Success: sample_script.sh
[2025-11-27 00:17:01] [INFO] Task Success: sample_script.sh
[2025-11-27 00:17:01] [INFO] --- WORKFLOW COMPLETED SUCCESSFULLY ---
[2025-11-27 00:17:01] [INFO] --- STARTING WORKFLOW ---
[2025-11-27 00:17:01] [INFO] --- STARTING TASK: task1.sh ---
[2025-11-27 00:17:01] [INFO] --- STARTING TASK: sample_script.sh ---
[2025-11-27 00:17:01] [ERROR] Task Failed: task1.sh (Attempt 1/3)
[2025-11-27 00:17:01] [INFO] Task Success: sample_script.sh
[2025-11-27 00:17:01] [INFO] --- WORKFLOW COMPLETED SUCCESSFULLY ---
[2025-11-27 00:17:02] [INFO] Task Success: task1.sh
[2025-11-27 00:17:02] [INFO] --- STARTING TASK: task2.sh ---
[2025-11-27 00:17:02] [ERROR] Task Failed: task2.sh (Attempt 1/3)
[2025-11-27 00:17:06] [ERROR] Task Failed: task1.sh (Attempt 2/3)
[2025-11-27 00:17:07] [ERROR] Task Failed: task2.sh (Attempt 2/3)
[2025-11-27 00:17:11] [ERROR] Task Failed: task1.sh (Attempt 3/3)
[2025-11-27 00:17:11] [CRITICAL] Workflow Aborted. task1.sh failed all attempts.
[2025-11-27 00:17:12] [ERROR] Task Failed: task2.sh (Attempt 3/3)
[2025-11-27 00:17:12] [CRITICAL] Workflow Aborted. task2.sh failed all attempts.
[2025-11-27 00:18:01] [INFO] --- STARTING WORKFLOW ---
[2025-11-27 00:18:01] [INFO] --- STARTING TASK: task1.sh ---
[2025-11-27 00:18:01] [INFO] --- STARTING WORKFLOW ---
[2025-11-27 00:18:01] [INFO] --- STARTING WORKFLOW ---
[2025-11-27 00:18:01] [INFO] --- STARTING TASK: sample_script.sh ---
[2025-11-27 00:18:01] [INFO] --- STARTING TASK: sample_script.sh ---
[2025-11-27 00:18:01] [INFO] --- STARTING WORKFLOW ---
[2025-11-27 00:18:01] [INFO] --- STARTING TASK: sample_script.sh ---
[2025-11-27 00:18:01] [INFO] Task Success: sample_script.sh
[2025-11-27 00:18:01] [INFO] Task Success: sample_script.sh
[2025-11-27 00:18:01] [INFO] --- STARTING TASK: task1.sh ---
[2025-11-27 00:18:01] [INFO] --- WORKFLOW COMPLETED SUCCESSFULLY ---
[2025-11-27 00:18:01] [INFO] Task Success: sample_script.sh
[2025-11-27 00:18:01] [ERROR] Task Failed: task1.sh (Attempt 1/3)
[2025-11-27 00:18:01] [INFO] --- WORKFLOW COMPLETED SUCCESSFULLY ---
[2025-11-27 00:18:02] [INFO] Task Success: task1.sh
[2025-11-27 00:18:02] [INFO] --- STARTING TASK: task2.sh ---
[2025-11-27 00:18:02] [ERROR] Task Failed: task2.sh (Attempt 1/3)
[2025-11-27 00:18:06] [ERROR] Task Failed: task1.sh (Attempt 2/3)
[2025-11-27 00:18:07] [ERROR] Task Failed: task2.sh (Attempt 2/3)
[2025-11-27 00:18:11] [ERROR] Task Failed: task1.sh (Attempt 3/3)
[2025-11-27 00:18:11] [CRITICAL] Workflow Aborted. task1.sh failed all attempts.
[2025-11-27 00:18:12] [ERROR] Task Failed: task2.sh (Attempt 3/3)
[2025-11-27 00:18:12] [CRITICAL] Workflow Aborted. task2.sh failed all attempts.
[2025-11-27 00:19:01] [INFO] --- STARTING WORKFLOW ---
[2025-11-27 00:19:01] [INFO] --- STARTING TASK: sample_script.sh ---
[2025-11-27 00:19:01] [INFO] --- STARTING WORKFLOW ---
[2025-11-27 00:19:01] [INFO] --- STARTING WORKFLOW ---
[2025-11-27 00:19:01] [INFO] --- STARTING TASK: sample_script.sh ---
[2025-11-27 00:19:01] [INFO] --- STARTING WORKFLOW ---
[2025-11-27 00:19:01] [INFO] Task Success: sample_script.sh
[2025-11-27 00:19:01] [INFO] --- STARTING TASK: task1.sh ---
[2025-11-27 00:19:01] [ERROR] Task Failed: task1.sh (Attempt 1/3)
[2025-11-27 00:19:01] [INFO] --- STARTING TASK: task1.sh ---
[2025-11-27 00:19:01] [INFO] --- STARTING TASK: sample_script.sh ---
[2025-11-27 00:19:01] [INFO] Task Success: sample_script.sh
[2025-11-27 00:19:01] [INFO] --- WORKFLOW COMPLETED SUCCESSFULLY ---
[2025-11-27 00:19:01] [INFO] Task Success: sample_script.sh
[2025-11-27 00:19:01] [INFO] --- WORKFLOW COMPLETED SUCCESSFULLY ---
[2025-11-27 00:19:02] [INFO] Task Success: task1.sh
[2025-11-27 00:19:02] [INFO] --- STARTING TASK: task2.sh ---
[2025-11-27 00:19:02] [ERROR] Task Failed: task2.sh (Attempt 1/3)
[2025-11-27 00:19:06] [ERROR] Task Failed: task1.sh (Attempt 2/3)
[2025-11-27 00:19:07] [ERROR] Task Failed: task2.sh (Attempt 2/3)
[2025-11-27 00:19:11] [ERROR] Task Failed: task1.sh (Attempt 3/3)
[2025-11-27 00:19:11] [CRITICAL] Workflow Aborted. task1.sh failed all attempts.
[2025-11-27 00:19:12] [ERROR] Task Failed: task2.sh (Attempt 3/3)
[2025-11-27 00:19:12] [CRITICAL] Workflow Aborted. task2.sh failed all attempts.
[2025-11-27 00:20:01] [INFO] --- STARTING WORKFLOW ---
[2025-11-27 00:20:01] [INFO] --- STARTING WORKFLOW ---
[2025-11-27 00:20:01] [INFO] --- STARTING TASK: sample_script.sh ---
[2025-11-27 00:20:01] [INFO] --- STARTING WORKFLOW ---
[2025-11-27 00:20:01] [INFO] --- STARTING TASK: sample_script.sh ---
[2025-11-27 00:20:01] [INFO] --- STARTING WORKFLOW ---
[2025-11-27 00:20:01] [INFO] --- STARTING TASK: sample_script.sh ---
[2025-11-27 00:20:02] [INFO] --- STARTING TASK: task1.sh ---
[2025-11-27 00:20:02] [INFO] Task Success: sample_script.sh
[2025-11-27 00:20:02] [INFO] Task Success: sample_script.sh
[2025-11-27 00:20:02] [INFO] --- WORKFLOW COMPLETED SUCCESSFULLY ---
[2025-11-27 00:20:02] [INFO] --- STARTING TASK: task1.sh ---
[2025-11-27 00:20:02] [INFO] Task Success: sample_script.sh
[2025-11-27 00:20:02] [INFO] --- WORKFLOW COMPLETED SUCCESSFULLY ---
[2025-11-27 00:20:02] [ERROR] Task Failed: task1.sh (Attempt 1/3)
[2025-11-27 00:20:03] [INFO] Task Success: task1.sh
[2025-11-27 00:20:03] [INFO] --- STARTING TASK: task2.sh ---
[2025-11-27 00:20:03] [ERROR] Task Failed: task2.sh (Attempt 1/3)
[2025-11-27 00:20:07] [ERROR] Task Failed: task1.sh (Attempt 2/3)
[2025-11-27 00:20:08] [ERROR] Task Failed: task2.sh (Attempt 2/3)
[2025-11-27 00:20:12] [ERROR] Task Failed: task1.sh (Attempt 3/3)
[2025-11-27 00:20:12] [CRITICAL] Workflow Aborted. task1.sh failed all attempts.
[2025-11-27 00:20:13] [ERROR] Task Failed: task2.sh (Attempt 3/3)
[2025-11-27 00:20:13] [CRITICAL] Workflow Aborted. task2.sh failed all attempts.
[2025-11-27 00:21:01] [INFO] --- STARTING WORKFLOW ---
[2025-11-27 00:21:01] [INFO] --- STARTING WORKFLOW ---
[2025-11-27 00:21:01] [INFO] --- STARTING TASK: task1.sh ---
[2025-11-27 00:21:01] [INFO] --- STARTING TASK: sample_script.sh ---
[2025-11-27 00:21:01] [INFO] --- STARTING WORKFLOW ---
[2025-11-27 00:21:01] [INFO] --- STARTING WORKFLOW ---
[2025-11-27 00:21:01] [INFO] --- STARTING TASK: sample_script.sh ---
[2025-11-27 00:21:01] [INFO] --- STARTING TASK: sample_script.sh ---
[2025-11-27 00:21:01] [INFO] Task Success: sample_script.sh
[2025-11-27 00:21:01] [INFO] Task Success: sample_script.sh
[2025-11-27 00:21:01] [INFO] --- STARTING TASK: task1.sh ---
[2025-11-27 00:21:01] [ERROR] Task Failed: task1.sh (Attempt 1/3)
[2025-11-27 00:21:01] [INFO] Task Success: sample_script.sh
[2025-11-27 00:21:01] [INFO] --- WORKFLOW COMPLETED SUCCESSFULLY ---
[2025-11-27 00:21:01] [INFO] --- WORKFLOW COMPLETED SUCCESSFULLY ---
[2025-11-27 00:21:02] [INFO] Task Success: task1.sh
[2025-11-27 00:21:02] [INFO] --- STARTING TASK: task2.sh ---
[2025-11-27 00:21:02] [ERROR] Task Failed: task2.sh (Attempt 1/3)
[2025-11-27 00:21:06] [ERROR] Task Failed: task1.sh (Attempt 2/3)
[2025-11-27 00:21:07] [ERROR] Task Failed: task2.sh (Attempt 2/3)
[2025-11-27 00:21:11] [ERROR] Task Failed: task1.sh (Attempt 3/3)
[2025-11-27 00:21:11] [CRITICAL] Workflow Aborted. task1.sh failed all attempts.
[2025-11-27 00:21:12] [ERROR] Task Failed: task2.sh (Attempt 3/3)
[2025-11-27 00:21:12] [CRITICAL] Workflow Aborted. task2.sh failed all attempts.
[2025-11-27 00:22:01] [INFO] --- STARTING WORKFLOW ---
[2025-11-27 00:22:01] [INFO] --- STARTING TASK: sample_script.sh ---
[2025-11-27 00:22:01] [INFO] --- STARTING WORKFLOW ---
[2025-11-27 00:22:01] [INFO] --- STARTING WORKFLOW ---
[2025-11-27 00:22:01] [INFO] --- STARTING WORKFLOW ---
[2025-11-27 00:22:01] [INFO] Task Success: sample_script.sh
[2025-11-27 00:22:01] [INFO] --- STARTING TASK: sample_script.sh ---
[2025-11-27 00:22:01] [INFO] --- STARTING TASK: task1.sh ---
[2025-11-27 00:22:01] [INFO] --- STARTING TASK: task1.sh ---
[2025-11-27 00:22:01] [ERROR] Task Failed: task1.sh (Attempt 1/3)
[2025-11-27 00:22:01] [INFO] --- STARTING TASK: sample_script.sh ---
[2025-11-27 00:22:01] [INFO] Task Success: sample_script.sh
[2025-11-27 00:22:02] [INFO] --- WORKFLOW COMPLETED SUCCESSFULLY ---
[2025-11-27 00:22:02] [INFO] Task Success: sample_script.sh
[2025-11-27 00:22:02] [INFO] --- WORKFLOW COMPLETED SUCCESSFULLY ---
[2025-11-27 00:22:02] [INFO] Task Success: task1.sh
[2025-11-27 00:22:02] [INFO] --- STARTING TASK: task2.sh ---
[2025-11-27 00:22:02] [ERROR] Task Failed: task2.sh (Attempt 1/3)
[2025-11-27 00:22:06] [ERROR] Task Failed: task1.sh (Attempt 2/3)
[2025-11-27 00:22:08] [ERROR] Task Failed: task2.sh (Attempt 2/3)
[2025-11-27 00:22:11] [ERROR] Task Failed: task1.sh (Attempt 3/3)
[2025-11-27 00:22:11] [CRITICAL] Workflow Aborted. task1.sh failed all attempts.
[2025-11-27 00:22:13] [ERROR] Task Failed: task2.sh (Attempt 3/3)
[2025-11-27 00:22:13] [CRITICAL] Workflow Aborted. task2.sh failed all attempts.
[2025-11-27 00:23:01] [INFO] --- STARTING WORKFLOW ---
[2025-11-27 00:23:01] [INFO] --- STARTING WORKFLOW ---
[2025-11-27 00:23:01] [INFO] --- STARTING WORKFLOW ---
[2025-11-27 00:23:01] [INFO] --- STARTING TASK: sample_script.sh ---
[2025-11-27 00:23:01] [INFO] --- STARTING TASK: sample_script.sh ---
[2025-11-27 00:23:01] [INFO] --- STARTING WORKFLOW ---
[2025-11-27 00:23:01] [INFO] --- STARTING TASK: task1.sh ---
[2025-11-27 00:23:01] [INFO] --- STARTING TASK: sample_script.sh ---
[2025-11-27 00:23:01] [INFO] Task Success: sample_script.sh
[2025-11-27 00:23:01] [INFO] Task Success: sample_script.sh
[2025-11-27 00:23:01] [INFO] --- STARTING TASK: task1.sh ---
[2025-11-27 00:23:01] [INFO] --- WORKFLOW COMPLETED SUCCESSFULLY ---
[2025-11-27 00:23:01] [INFO] Task Success: sample_script.sh
[2025-11-27 00:23:01] [ERROR] Task Failed: task1.sh (Attempt 1/3)
[2025-11-27 00:23:01] [INFO] --- WORKFLOW COMPLETED SUCCESSFULLY ---
[2025-11-27 00:23:02] [INFO] Task Success: task1.sh
[2025-11-27 00:23:02] [INFO] --- STARTING TASK: task2.sh ---
[2025-11-27 00:23:02] [ERROR] Task Failed: task2.sh (Attempt 1/3)
[2025-11-27 00:23:06] [ERROR] Task Failed: task1.sh (Attempt 2/3)
[2025-11-27 00:23:07] [ERROR] Task Failed: task2.sh (Attempt 2/3)
[2025-11-27 00:23:11] [ERROR] Task Failed: task1.sh (Attempt 3/3)
[2025-11-27 00:23:11] [CRITICAL] Workflow Aborted. task1.sh failed all attempts.
[2025-11-27 00:23:12] [ERROR] Task Failed: task2.sh (Attempt 3/3)
[2025-11-27 00:23:12] [CRITICAL] Workflow Aborted. task2.sh failed all attempts.
[2025-11-27 00:24:01] [INFO] --- STARTING WORKFLOW ---
[2025-11-27 00:24:01] [INFO] --- STARTING TASK: sample_script.sh ---
[2025-11-27 00:24:01] [INFO] --- STARTING WORKFLOW ---
[2025-11-27 00:24:01] [INFO] --- STARTING WORKFLOW ---
[2025-11-27 00:24:01] [INFO] --- STARTING WORKFLOW ---
[2025-11-27 00:24:01] [INFO] --- STARTING TASK: sample_script.sh ---
[2025-11-27 00:24:01] [INFO] --- STARTING TASK: sample_script.sh ---
[2025-11-27 00:24:01] [INFO] Task Success: sample_script.sh
[2025-11-27 00:24:01] [INFO] --- STARTING TASK: task1.sh ---
[2025-11-27 00:24:01] [INFO] --- WORKFLOW COMPLETED SUCCESSFULLY ---
[2025-11-27 00:24:01] [INFO] Task Success: sample_script.sh
[2025-11-27 00:24:01] [INFO] Task Success: sample_script.sh
[2025-11-27 00:24:01] [INFO] --- WORKFLOW COMPLETED SUCCESSFULLY ---
[2025-11-27 00:24:01] [INFO] --- STARTING TASK: task1.sh ---
[2025-11-27 00:24:01] [ERROR] Task Failed: task1.sh (Attempt 1/3)
[2025-11-27 00:24:02] [INFO] Task Success: task1.sh
[2025-11-27 00:24:02] [INFO] --- STARTING TASK: task2.sh ---
[2025-11-27 00:24:02] [ERROR] Task Failed: task2.sh (Attempt 1/3)
[2025-11-27 00:24:06] [ERROR] Task Failed: task1.sh (Attempt 2/3)
[2025-11-27 00:24:07] [ERROR] Task Failed: task2.sh (Attempt 2/3)
[2025-11-27 00:24:11] [ERROR] Task Failed: task1.sh (Attempt 3/3)
[2025-11-27 00:24:11] [CRITICAL] Workflow Aborted. task1.sh failed all attempts.
[2025-11-27 00:24:12] [ERROR] Task Failed: task2.sh (Attempt 3/3)
[2025-11-27 00:24:12] [CRITICAL] Workflow Aborted. task2.sh failed all attempts.
